Flutter crash report; please file at https://github.com/flutter/flutter/issues.

## command

flutter packages get

## exception

YamlException: Error on line 13, column 1: Expected ':'.
dev_dependencies:
^

```
#0      Scanner._staleSimpleKeys (package:yaml/src/scanner.dart:491)
#1      Scanner._fetchMoreTokens (package:yaml/src/scanner.dart:325)
#2      Scanner.peek (package:yaml/src/scanner.dart:317)
#3      Parser._parseBlockMappingKey (package:yaml/src/parser.dart:418)
#4      Parser._stateMachine (package:yaml/src/parser.dart:86)
#5      Parser.parse (package:yaml/src/parser.dart:47)
#6      Loader._loadMapping (package:yaml/src/loader.dart:171)
#7      Loader._loadNode (package:yaml/src/loader.dart:86)
#8      Loader._loadMapping (package:yaml/src/loader.dart:165)
#9      Loader._loadNode (package:yaml/src/loader.dart:86)
#10     Loader._loadDocument (package:yaml/src/loader.dart:62)
#11     Loader.load (package:yaml/src/loader.dart:54)
#12     loadYamlDocument (package:yaml/yaml.dart:51)
#13     loadYamlNode (package:yaml/yaml.dart:42)
#14     loadYaml (package:yaml/yaml.dart:34)
#15     _pluginFromPubspec (package:flutter_tools/src/plugins.dart:52)
#16     _findPlugins.<anonymous closure> (package:flutter_tools/src/plugins.dart:75)
#17     _HashVMBase&MapMixin&&_LinkedHashMapMixin.forEach (dart:collection-patch/dart:collection/compact_hash.dart:361)
#18     _findPlugins (package:flutter_tools/src/plugins.dart:73)
#19     injectPlugins (package:flutter_tools/src/plugins.dart:238)
#20     FlutterProject.ensureReadyForPlatformSpecificTooling (package:flutter_tools/src/project.dart:62)
#21     PackagesGetCommand.runCommand (package:flutter_tools/src/commands/packages.dart:80)
<asynchronous suspension>
#22     FlutterCommand.verifyThenRunCommand (package:flutter_tools/src/runner/flutter_command.dart:290)
<asynchronous suspension>
#23     FlutterCommand.run (package:flutter_tools/src/runner/flutter_command.dart:228)
<asynchronous suspension>
#24     CommandRunner.runCommand (package:args/command_runner.dart:194)
<asynchronous suspension>
#25     FlutterCommandRunner.runCommand (package:flutter_tools/src/runner/flutter_command_runner.dart:286)
<asynchronous suspension>
#26     CommandRunner.run.<anonymous closure> (package:args/command_runner.dart:109)
#27     new Future.sync (dart:async/future.dart:222)
#28     CommandRunner.run (package:args/command_runner.dart:109)
#29     FlutterCommandRunner.run (package:flutter_tools/src/runner/flutter_command_runner.dart:166)
#30     run.<anonymous closure> (package:flutter_tools/runner.dart:90)
<asynchronous suspension>
#31     AppContext._run (package:flutter_tools/src/base/context.dart:76)
<asynchronous suspension>
#32     AppContext.runInZone.<anonymous closure> (package:flutter_tools/src/base/context.dart:66)
#33     _rootRun (dart:async/zone.dart:1126)
#34     _CustomZone.run (dart:async/zone.dart:1023)
#35     runZoned (dart:async/zone.dart:1501)
#36     AppContext.runInZone (package:flutter_tools/src/base/context.dart:65)
#37     run (package:flutter_tools/runner.dart:61)
<asynchronous suspension>
#38     main (package:flutter_tools/executable.dart:48)
<asynchronous suspension>
#39     main (file:///Users/pawankumar/Desktop/flutter/flutter/packages/flutter_tools/bin/flutter_tools.dart:16)
#40     _startIsolate.<anonymous closure> (dart:isolate-patch/dart:isolate/isolate_patch.dart:277)
#41     _RawReceivePortImpl._handleMessage (dart:isolate-patch/dart:isolate/isolate_patch.dart:165)
```

## flutter doctor

```
[✓] Flutter (Channel beta, v0.1.5, on Mac OS X 10.13.3 17D102, locale en-IN)
    • Flutter version 0.1.5 at /Users/pawankumar/Desktop/flutter/flutter
    • Framework revision 3ea4d06340 (3 weeks ago), 2018-02-22 11:12:39 -0800
    • Engine revision ead227f118
    • Dart version 2.0.0-dev.28.0.flutter-0b4f01f759

[✓] Android toolchain - develop for Android devices (Android SDK 27.0.3)
    • Android SDK at /Users/pawankumar/Library/Android/sdk
    • Android NDK location not configured (optional; useful for native profiling support)
    • Platform android-27, build-tools 27.0.3
    • Java binary at: /Applications/Android Studio.app/Contents/jre/jdk/Contents/Home/bin/java
    • Java version OpenJDK Runtime Environment (build 1.8.0_152-release-915-b08)

[✓] iOS toolchain - develop for iOS devices (Xcode 9.2)
    • Xcode at /Applications/Xcode.app/Contents/Developer
    • Xcode 9.2, Build version 9C40b
    • ios-deploy 1.9.2
    • CocoaPods version 1.3.1

[✓] Android Studio (version 3.0)
    • Android Studio at /Applications/Android Studio.app/Contents
    • Java version OpenJDK Runtime Environment (build 1.8.0_152-release-915-b08)

[✓] IntelliJ IDEA Ultimate Edition (version 2017.3.4)
    • Flutter plugin version 22.2.2
    • Dart plugin version 173.4548.30

[!] Connected devices
    ! No devices available

! Doctor found issues in 1 category.
```
